2025-02-13 20:35:56,629 [SRSWTI-IR] INFO: Initializing SRSWTI Search Engine components...
2025-02-13 20:35:56,629 [SRSWTI-IR] INFO: Use pytorch device_name: mps
2025-02-13 20:35:56,629 [SRSWTI-IR] INFO: Load pretrained SentenceTransformer: all-mpnet-base-v2
2025-02-13 20:35:58,574 [SRSWTI-IR] INFO: SRSWTI Search Engine initialized successfully
2025-02-13 20:36:59,765 [SRSWTI-IR] INFO: Initializing SRSWTI Search Engine components...
2025-02-13 20:36:59,766 [SRSWTI-IR] INFO: Use pytorch device_name: mps
2025-02-13 20:36:59,766 [SRSWTI-IR] INFO: Load pretrained SentenceTransformer: all-mpnet-base-v2
2025-02-13 20:37:00,923 [SRSWTI-IR] INFO: SRSWTI Search Engine initialized successfully
2025-02-13 20:37:00,923 [SRSWTI-IR] INFO: Starting hybrid search pipeline...
2025-02-13 20:37:00,923 [SRSWTI-IR] INFO: Running BM25 scoring...
2025-02-13 20:37:00,963 [SRSWTI-IR] INFO: SRSWTI BM25 scoring completed for 6 documents
2025-02-13 20:37:01,315 [SRSWTI-IR] INFO: SRSWTI hybrid search completed successfully
2025-02-13 20:37:01,315 [SRSWTI-IR] INFO: Starting hybrid search pipeline...
2025-02-13 20:37:01,315 [SRSWTI-IR] INFO: Running BM25 scoring...
2025-02-13 20:37:01,338 [SRSWTI-IR] INFO: SRSWTI BM25 scoring completed for 6 documents
2025-02-13 20:37:01,398 [SRSWTI-IR] INFO: SRSWTI hybrid search completed successfully
2025-02-13 20:37:01,398 [SRSWTI-IR] INFO: Starting hybrid search pipeline...
2025-02-13 20:37:01,398 [SRSWTI-IR] INFO: Running BM25 scoring...
2025-02-13 20:37:01,421 [SRSWTI-IR] INFO: SRSWTI BM25 scoring completed for 6 documents
2025-02-13 20:37:01,482 [SRSWTI-IR] INFO: SRSWTI hybrid search completed successfully
2025-02-13 20:37:01,482 [SRSWTI-IR] INFO: Starting hybrid search pipeline...
2025-02-13 20:37:01,482 [SRSWTI-IR] INFO: Running BM25 scoring...
2025-02-13 20:37:01,505 [SRSWTI-IR] INFO: SRSWTI BM25 scoring completed for 6 documents
2025-02-13 20:37:01,566 [SRSWTI-IR] INFO: SRSWTI hybrid search completed successfully
2025-02-13 20:37:01,566 [SRSWTI-IR] INFO: Starting hybrid search pipeline...
2025-02-13 20:37:01,566 [SRSWTI-IR] INFO: Running BM25 scoring...
2025-02-13 20:37:01,588 [SRSWTI-IR] INFO: SRSWTI BM25 scoring completed for 6 documents
2025-02-13 20:37:01,649 [SRSWTI-IR] INFO: SRSWTI hybrid search completed successfully
2025-02-13 20:37:01,649 [SRSWTI-IR] INFO: Starting hybrid search pipeline...
2025-02-13 20:37:01,649 [SRSWTI-IR] INFO: Running BM25 scoring...
2025-02-13 20:37:01,672 [SRSWTI-IR] INFO: SRSWTI BM25 scoring completed for 6 documents
2025-02-13 20:37:01,733 [SRSWTI-IR] INFO: SRSWTI hybrid search completed successfully
2025-02-20 20:57:21,726 [SRSWTI-IR] INFO: Initializing SRSWTI Search Engine components...
2025-02-20 20:57:21,726 [SRSWTI-IR] INFO: Use pytorch device_name: mps
2025-02-20 20:57:21,727 [SRSWTI-IR] INFO: Load pretrained SentenceTransformer: all-MiniLM-L6-v2
2025-02-20 20:57:22,759 [SRSWTI-IR] INFO: SRSWTI Search Engine initialized successfully
2025-02-20 20:57:22,759 [SRSWTI-IR] INFO: Starting hybrid search pipeline...
2025-02-20 20:57:22,760 [SRSWTI-IR] INFO: Running BM25 scoring...
2025-02-20 20:57:22,796 [SRSWTI-IR] INFO: SRSWTI BM25 scoring completed for 6 documents
2025-02-20 20:57:23,167 [SRSWTI-IR] INFO: SRSWTI hybrid search completed successfully
2025-02-20 20:57:23,167 [SRSWTI-IR] INFO: Starting hybrid search pipeline...
2025-02-20 20:57:23,167 [SRSWTI-IR] INFO: Running BM25 scoring...
2025-02-20 20:57:23,188 [SRSWTI-IR] INFO: SRSWTI BM25 scoring completed for 6 documents
2025-02-20 20:57:23,232 [SRSWTI-IR] INFO: SRSWTI hybrid search completed successfully
2025-02-20 20:57:23,233 [SRSWTI-IR] INFO: Starting hybrid search pipeline...
2025-02-20 20:57:23,233 [SRSWTI-IR] INFO: Running BM25 scoring...
2025-02-20 20:57:23,254 [SRSWTI-IR] INFO: SRSWTI BM25 scoring completed for 6 documents
2025-02-20 20:57:23,298 [SRSWTI-IR] INFO: SRSWTI hybrid search completed successfully
2025-02-20 20:57:23,298 [SRSWTI-IR] INFO: Starting hybrid search pipeline...
2025-02-20 20:57:23,298 [SRSWTI-IR] INFO: Running BM25 scoring...
2025-02-20 20:57:23,318 [SRSWTI-IR] INFO: SRSWTI BM25 scoring completed for 6 documents
2025-02-20 20:57:23,362 [SRSWTI-IR] INFO: SRSWTI hybrid search completed successfully
2025-02-20 20:57:23,362 [SRSWTI-IR] INFO: Starting hybrid search pipeline...
2025-02-20 20:57:23,362 [SRSWTI-IR] INFO: Running BM25 scoring...
2025-02-20 20:57:23,383 [SRSWTI-IR] INFO: SRSWTI BM25 scoring completed for 6 documents
2025-02-20 20:57:23,427 [SRSWTI-IR] INFO: SRSWTI hybrid search completed successfully
2025-02-20 20:57:23,427 [SRSWTI-IR] INFO: Starting hybrid search pipeline...
2025-02-20 20:57:23,427 [SRSWTI-IR] INFO: Running BM25 scoring...
2025-02-20 20:57:23,448 [SRSWTI-IR] INFO: SRSWTI BM25 scoring completed for 6 documents
2025-02-20 20:57:23,491 [SRSWTI-IR] INFO: SRSWTI hybrid search completed successfully
2025-02-20 20:58:09,822 [SRSWTI-IR] INFO: Initializing SRSWTI Search Engine components...
2025-02-20 20:58:09,822 [SRSWTI-IR] INFO: Use pytorch device_name: mps
2025-02-20 20:58:09,822 [SRSWTI-IR] INFO: Load pretrained SentenceTransformer: all-MiniLM-L6-v2
2025-02-20 20:58:10,786 [SRSWTI-IR] INFO: SRSWTI Search Engine initialized successfully
2025-02-20 20:58:10,786 [SRSWTI-IR] INFO: Starting hybrid search pipeline...
2025-02-20 20:58:10,786 [SRSWTI-IR] INFO: Running BM25 scoring...
2025-02-20 20:58:10,830 [SRSWTI-IR] INFO: SRSWTI BM25 scoring completed for 6 documents
2025-02-20 20:58:11,161 [SRSWTI-IR] INFO: SRSWTI hybrid search completed successfully
2025-02-20 20:58:11,162 [SRSWTI-IR] INFO: Starting hybrid search pipeline...
2025-02-20 20:58:11,162 [SRSWTI-IR] INFO: Running BM25 scoring...
2025-02-20 20:58:11,198 [SRSWTI-IR] INFO: SRSWTI BM25 scoring completed for 6 documents
2025-02-20 20:58:11,262 [SRSWTI-IR] INFO: SRSWTI hybrid search completed successfully
2025-02-20 20:59:12,645 [SRSWTI-IR] INFO: Initializing SRSWTI Search Engine components...
2025-02-20 20:59:12,645 [SRSWTI-IR] INFO: Use pytorch device_name: mps
2025-02-20 20:59:12,645 [SRSWTI-IR] INFO: Load pretrained SentenceTransformer: all-MiniLM-L6-v2
2025-02-20 20:59:13,673 [SRSWTI-IR] INFO: SRSWTI Search Engine initialized successfully
2025-02-20 20:59:13,674 [SRSWTI-IR] INFO: Starting hybrid search pipeline...
2025-02-20 20:59:13,674 [SRSWTI-IR] INFO: Running BM25 scoring...
2025-02-20 20:59:13,708 [SRSWTI-IR] INFO: SRSWTI BM25 scoring completed for 5 documents
2025-02-20 20:59:13,973 [SRSWTI-IR] INFO: SRSWTI hybrid search completed successfully
2025-02-20 20:59:13,974 [SRSWTI-IR] INFO: Starting hybrid search pipeline...
2025-02-20 20:59:13,974 [SRSWTI-IR] INFO: Running BM25 scoring...
2025-02-20 20:59:14,003 [SRSWTI-IR] INFO: SRSWTI BM25 scoring completed for 5 documents
2025-02-20 20:59:14,058 [SRSWTI-IR] INFO: SRSWTI hybrid search completed successfully
2025-02-20 20:59:34,545 [SRSWTI-IR] INFO: Initializing SRSWTI Search Engine components...
2025-02-20 20:59:34,545 [SRSWTI-IR] INFO: Use pytorch device_name: mps
2025-02-20 20:59:34,545 [SRSWTI-IR] INFO: Load pretrained SentenceTransformer: all-MiniLM-L6-v2
2025-02-20 20:59:35,569 [SRSWTI-IR] INFO: SRSWTI Search Engine initialized successfully
2025-02-20 20:59:35,570 [SRSWTI-IR] INFO: Starting hybrid search pipeline...
2025-02-20 20:59:35,570 [SRSWTI-IR] INFO: Running BM25 scoring...
2025-02-20 20:59:35,605 [SRSWTI-IR] INFO: SRSWTI BM25 scoring completed for 5 documents
2025-02-20 20:59:35,882 [SRSWTI-IR] INFO: SRSWTI hybrid search completed successfully
2025-02-20 20:59:35,882 [SRSWTI-IR] INFO: Starting hybrid search pipeline...
2025-02-20 20:59:35,882 [SRSWTI-IR] INFO: Running BM25 scoring...
2025-02-20 20:59:35,912 [SRSWTI-IR] INFO: SRSWTI BM25 scoring completed for 5 documents
2025-02-20 20:59:35,967 [SRSWTI-IR] INFO: SRSWTI hybrid search completed successfully
2025-02-20 21:00:01,766 [SRSWTI-IR] INFO: Initializing SRSWTI Search Engine components...
2025-02-20 21:00:01,766 [SRSWTI-IR] INFO: Use pytorch device_name: mps
2025-02-20 21:00:01,766 [SRSWTI-IR] INFO: Load pretrained SentenceTransformer: all-MiniLM-L6-v2
2025-02-20 21:00:02,806 [SRSWTI-IR] INFO: SRSWTI Search Engine initialized successfully
2025-02-20 21:00:02,807 [SRSWTI-IR] INFO: Starting hybrid search pipeline...
2025-02-20 21:00:02,807 [SRSWTI-IR] INFO: Running BM25 scoring...
2025-02-20 21:00:02,840 [SRSWTI-IR] INFO: SRSWTI BM25 scoring completed for 5 documents
2025-02-20 21:00:03,106 [SRSWTI-IR] INFO: SRSWTI hybrid search completed successfully
2025-02-20 21:00:03,106 [SRSWTI-IR] INFO: Starting hybrid search pipeline...
2025-02-20 21:00:03,106 [SRSWTI-IR] INFO: Running BM25 scoring...
2025-02-20 21:00:03,136 [SRSWTI-IR] INFO: SRSWTI BM25 scoring completed for 5 documents
2025-02-20 21:00:03,191 [SRSWTI-IR] INFO: SRSWTI hybrid search completed successfully
2025-02-20 21:02:01,583 [SRSWTI-IR] INFO: Initializing SRSWTI Search Engine components...
2025-02-20 21:02:01,584 [SRSWTI-IR] INFO: Use pytorch device_name: mps
2025-02-20 21:02:01,584 [SRSWTI-IR] INFO: Load pretrained SentenceTransformer: all-MiniLM-L6-v2
2025-02-20 21:02:02,552 [SRSWTI-IR] INFO: SRSWTI Search Engine initialized successfully
2025-02-20 21:02:02,552 [SRSWTI-IR] INFO: Starting hybrid search pipeline...
2025-02-20 21:02:02,553 [SRSWTI-IR] INFO: Running BM25 scoring...
2025-02-20 21:02:02,588 [SRSWTI-IR] INFO: SRSWTI BM25 scoring completed for 5 documents
2025-02-20 21:02:02,865 [SRSWTI-IR] INFO: SRSWTI hybrid search completed successfully
2025-02-20 21:02:02,866 [SRSWTI-IR] INFO: Starting hybrid search pipeline...
2025-02-20 21:02:02,866 [SRSWTI-IR] INFO: Running BM25 scoring...
2025-02-20 21:02:02,897 [SRSWTI-IR] INFO: SRSWTI BM25 scoring completed for 5 documents
2025-02-20 21:02:02,952 [SRSWTI-IR] INFO: SRSWTI hybrid search completed successfully
2025-02-20 21:03:27,908 [SRSWTI-IR] INFO: Initializing SRSWTI Search Engine components...
2025-02-20 21:03:27,909 [SRSWTI-IR] INFO: Use pytorch device_name: mps
2025-02-20 21:03:27,909 [SRSWTI-IR] INFO: Load pretrained SentenceTransformer: all-MiniLM-L6-v2
2025-02-20 21:03:28,973 [SRSWTI-IR] INFO: SRSWTI Search Engine initialized successfully
2025-02-20 21:03:28,973 [SRSWTI-IR] INFO: Starting hybrid search pipeline...
2025-02-20 21:03:28,973 [SRSWTI-IR] INFO: Running BM25 scoring...
2025-02-20 21:03:29,007 [SRSWTI-IR] INFO: SRSWTI BM25 scoring completed for 5 documents
2025-02-20 21:03:29,268 [SRSWTI-IR] INFO: SRSWTI hybrid search completed successfully
2025-02-20 21:03:29,269 [SRSWTI-IR] INFO: Starting hybrid search pipeline...
2025-02-20 21:03:29,269 [SRSWTI-IR] INFO: Running BM25 scoring...
2025-02-20 21:03:29,298 [SRSWTI-IR] INFO: SRSWTI BM25 scoring completed for 5 documents
2025-02-20 21:03:29,352 [SRSWTI-IR] INFO: SRSWTI hybrid search completed successfully
2025-02-20 21:04:12,545 [SRSWTI-IR] INFO: Initializing SRSWTI Search Engine components...
2025-02-20 21:04:12,545 [SRSWTI-IR] INFO: Use pytorch device_name: mps
2025-02-20 21:04:12,546 [SRSWTI-IR] INFO: Load pretrained SentenceTransformer: all-MiniLM-L6-v2
2025-02-20 21:04:13,420 [SRSWTI-IR] INFO: SRSWTI Search Engine initialized successfully
2025-02-20 21:04:13,420 [SRSWTI-IR] INFO: Starting hybrid search pipeline...
2025-02-20 21:04:13,420 [SRSWTI-IR] INFO: Running BM25 scoring...
2025-02-20 21:04:13,456 [SRSWTI-IR] INFO: SRSWTI BM25 scoring completed for 5 documents
2025-02-20 21:04:13,721 [SRSWTI-IR] INFO: SRSWTI hybrid search completed successfully
2025-02-20 21:04:13,721 [SRSWTI-IR] INFO: Starting hybrid search pipeline...
2025-02-20 21:04:13,721 [SRSWTI-IR] INFO: Running BM25 scoring...
2025-02-20 21:04:13,751 [SRSWTI-IR] INFO: SRSWTI BM25 scoring completed for 5 documents
2025-02-20 21:04:13,807 [SRSWTI-IR] INFO: SRSWTI hybrid search completed successfully
2025-02-20 21:04:48,825 [SRSWTI-IR] INFO: Initializing SRSWTI Search Engine components...
2025-02-20 21:04:48,826 [SRSWTI-IR] INFO: Use pytorch device_name: mps
2025-02-20 21:04:48,826 [SRSWTI-IR] INFO: Load pretrained SentenceTransformer: all-MiniLM-L6-v2
2025-02-20 21:04:49,898 [SRSWTI-IR] INFO: SRSWTI Search Engine initialized successfully
2025-02-20 21:04:49,898 [SRSWTI-IR] INFO: Starting hybrid search pipeline...
2025-02-20 21:04:49,898 [SRSWTI-IR] INFO: Running BM25 scoring...
2025-02-20 21:04:49,939 [SRSWTI-IR] INFO: SRSWTI BM25 scoring completed for 6 documents
2025-02-20 21:04:50,205 [SRSWTI-IR] INFO: SRSWTI hybrid search completed successfully
2025-02-20 21:04:50,205 [SRSWTI-IR] INFO: Starting hybrid search pipeline...
2025-02-20 21:04:50,205 [SRSWTI-IR] INFO: Running BM25 scoring...
2025-02-20 21:04:50,240 [SRSWTI-IR] INFO: SRSWTI BM25 scoring completed for 6 documents
2025-02-20 21:04:50,304 [SRSWTI-IR] INFO: SRSWTI hybrid search completed successfully
2025-02-20 21:06:23,408 [SRSWTI-IR] INFO: Initializing SRSWTI Search Engine components...
2025-02-20 21:06:23,408 [SRSWTI-IR] INFO: Use pytorch device_name: mps
2025-02-20 21:06:23,408 [SRSWTI-IR] INFO: Load pretrained SentenceTransformer: all-MiniLM-L6-v2
2025-02-20 21:06:24,367 [SRSWTI-IR] INFO: SRSWTI Search Engine initialized successfully
2025-02-20 21:06:24,367 [SRSWTI-IR] INFO: Starting hybrid search pipeline...
2025-02-20 21:06:24,367 [SRSWTI-IR] INFO: Running BM25 scoring...
2025-02-20 21:06:24,403 [SRSWTI-IR] INFO: SRSWTI BM25 scoring completed for 5 documents
2025-02-20 21:06:24,685 [SRSWTI-IR] INFO: SRSWTI hybrid search completed successfully
2025-02-20 21:06:24,686 [SRSWTI-IR] INFO: Starting hybrid search pipeline...
2025-02-20 21:06:24,686 [SRSWTI-IR] INFO: Running BM25 scoring...
2025-02-20 21:06:24,716 [SRSWTI-IR] INFO: SRSWTI BM25 scoring completed for 5 documents
2025-02-20 21:06:24,772 [SRSWTI-IR] INFO: SRSWTI hybrid search completed successfully
2025-02-20 21:07:43,838 [SRSWTI-IR] INFO: Initializing SRSWTI Search Engine components...
2025-02-20 21:07:43,839 [SRSWTI-IR] INFO: Use pytorch device_name: mps
2025-02-20 21:07:43,839 [SRSWTI-IR] INFO: Load pretrained SentenceTransformer: all-MiniLM-L6-v2
2025-02-20 21:07:44,805 [SRSWTI-IR] INFO: SRSWTI Search Engine initialized successfully
2025-02-20 21:07:44,805 [SRSWTI-IR] INFO: Starting hybrid search pipeline...
2025-02-20 21:07:44,805 [SRSWTI-IR] INFO: Running BM25 scoring...
2025-02-20 21:07:44,839 [SRSWTI-IR] INFO: SRSWTI BM25 scoring completed for 5 documents
2025-02-20 21:07:45,108 [SRSWTI-IR] INFO: SRSWTI hybrid search completed successfully
2025-02-20 21:07:45,109 [SRSWTI-IR] INFO: Starting hybrid search pipeline...
2025-02-20 21:07:45,109 [SRSWTI-IR] INFO: Running BM25 scoring...
2025-02-20 21:07:45,138 [SRSWTI-IR] INFO: SRSWTI BM25 scoring completed for 5 documents
2025-02-20 21:07:45,194 [SRSWTI-IR] INFO: SRSWTI hybrid search completed successfully
2025-02-20 21:09:08,259 [SRSWTI-IR] INFO: Initializing SRSWTI Search Engine components...
2025-02-20 21:09:08,259 [SRSWTI-IR] INFO: Use pytorch device_name: mps
2025-02-20 21:09:08,259 [SRSWTI-IR] INFO: Load pretrained SentenceTransformer: all-MiniLM-L6-v2
2025-02-20 21:09:09,254 [SRSWTI-IR] INFO: SRSWTI Search Engine initialized successfully
2025-02-20 21:09:09,255 [SRSWTI-IR] INFO: Starting hybrid search pipeline...
2025-02-20 21:09:09,255 [SRSWTI-IR] INFO: Running BM25 scoring...
2025-02-20 21:09:09,295 [SRSWTI-IR] INFO: SRSWTI BM25 scoring completed for 6 documents
2025-02-20 21:09:09,566 [SRSWTI-IR] INFO: SRSWTI hybrid search completed successfully
2025-02-20 21:09:09,566 [SRSWTI-IR] INFO: Starting hybrid search pipeline...
2025-02-20 21:09:09,566 [SRSWTI-IR] INFO: Running BM25 scoring...
2025-02-20 21:09:09,603 [SRSWTI-IR] INFO: SRSWTI BM25 scoring completed for 6 documents
2025-02-20 21:09:09,667 [SRSWTI-IR] INFO: SRSWTI hybrid search completed successfully
2025-02-20 21:10:22,208 [SRSWTI-IR] INFO: Initializing SRSWTI Search Engine components...
2025-02-20 21:10:22,208 [SRSWTI-IR] INFO: Use pytorch device_name: mps
2025-02-20 21:10:22,208 [SRSWTI-IR] INFO: Load pretrained SentenceTransformer: all-MiniLM-L6-v2
2025-02-20 21:10:23,098 [SRSWTI-IR] INFO: SRSWTI Search Engine initialized successfully
2025-02-20 21:10:23,099 [SRSWTI-IR] INFO: Starting hybrid search pipeline...
2025-02-20 21:10:23,099 [SRSWTI-IR] INFO: Running BM25 scoring...
2025-02-20 21:10:23,177 [SRSWTI-IR] INFO: SRSWTI BM25 scoring completed for 15 documents
2025-02-20 21:10:23,578 [SRSWTI-IR] INFO: SRSWTI hybrid search completed successfully
2025-02-20 21:10:23,578 [SRSWTI-IR] INFO: Starting hybrid search pipeline...
2025-02-20 21:10:23,578 [SRSWTI-IR] INFO: Running BM25 scoring...
2025-02-20 21:10:23,646 [SRSWTI-IR] INFO: SRSWTI BM25 scoring completed for 15 documents
2025-02-20 21:10:23,747 [SRSWTI-IR] INFO: SRSWTI hybrid search completed successfully
2025-02-20 21:10:23,747 [SRSWTI-IR] INFO: Starting hybrid search pipeline...
2025-02-20 21:10:23,748 [SRSWTI-IR] INFO: Running BM25 scoring...
2025-02-20 21:10:23,816 [SRSWTI-IR] INFO: SRSWTI BM25 scoring completed for 15 documents
2025-02-20 21:10:23,969 [SRSWTI-IR] INFO: SRSWTI hybrid search completed successfully
2025-02-20 21:10:23,969 [SRSWTI-IR] INFO: Starting hybrid search pipeline...
2025-02-20 21:10:23,969 [SRSWTI-IR] INFO: Running BM25 scoring...
2025-02-20 21:10:24,037 [SRSWTI-IR] INFO: SRSWTI BM25 scoring completed for 15 documents
2025-02-20 21:10:24,138 [SRSWTI-IR] INFO: SRSWTI hybrid search completed successfully
2025-02-20 21:10:24,138 [SRSWTI-IR] INFO: Starting hybrid search pipeline...
2025-02-20 21:10:24,138 [SRSWTI-IR] INFO: Running BM25 scoring...
2025-02-20 21:10:24,207 [SRSWTI-IR] INFO: SRSWTI BM25 scoring completed for 15 documents
2025-02-20 21:10:24,308 [SRSWTI-IR] INFO: SRSWTI hybrid search completed successfully
2025-02-20 21:10:24,308 [SRSWTI-IR] INFO: Starting hybrid search pipeline...
2025-02-20 21:10:24,308 [SRSWTI-IR] INFO: Running BM25 scoring...
2025-02-20 21:10:24,377 [SRSWTI-IR] INFO: SRSWTI BM25 scoring completed for 15 documents
2025-02-20 21:10:24,478 [SRSWTI-IR] INFO: SRSWTI hybrid search completed successfully
2025-02-20 21:10:24,478 [SRSWTI-IR] INFO: Starting hybrid search pipeline...
2025-02-20 21:10:24,478 [SRSWTI-IR] INFO: Running BM25 scoring...
2025-02-20 21:10:24,546 [SRSWTI-IR] INFO: SRSWTI BM25 scoring completed for 15 documents
2025-02-20 21:10:24,700 [SRSWTI-IR] INFO: SRSWTI hybrid search completed successfully
2025-02-20 21:10:24,700 [SRSWTI-IR] INFO: Starting hybrid search pipeline...
2025-02-20 21:10:24,700 [SRSWTI-IR] INFO: Running BM25 scoring...
2025-02-20 21:10:24,766 [SRSWTI-IR] INFO: SRSWTI BM25 scoring completed for 15 documents
2025-02-20 21:10:24,866 [SRSWTI-IR] INFO: SRSWTI hybrid search completed successfully
2025-02-20 21:10:24,866 [SRSWTI-IR] INFO: Starting hybrid search pipeline...
2025-02-20 21:10:24,866 [SRSWTI-IR] INFO: Running BM25 scoring...
2025-02-20 21:10:24,957 [SRSWTI-IR] INFO: SRSWTI BM25 scoring completed for 15 documents
2025-02-20 21:10:25,055 [SRSWTI-IR] INFO: SRSWTI hybrid search completed successfully
2025-02-20 21:10:25,055 [SRSWTI-IR] INFO: Starting hybrid search pipeline...
2025-02-20 21:10:25,055 [SRSWTI-IR] INFO: Running BM25 scoring...
2025-02-20 21:10:25,121 [SRSWTI-IR] INFO: SRSWTI BM25 scoring completed for 15 documents
2025-02-20 21:10:25,218 [SRSWTI-IR] INFO: SRSWTI hybrid search completed successfully
2025-02-20 21:10:25,219 [SRSWTI-IR] INFO: Starting hybrid search pipeline...
2025-02-20 21:10:25,219 [SRSWTI-IR] INFO: Running BM25 scoring...
2025-02-20 21:10:25,285 [SRSWTI-IR] INFO: SRSWTI BM25 scoring completed for 15 documents
2025-02-20 21:10:25,449 [SRSWTI-IR] INFO: SRSWTI hybrid search completed successfully
2025-02-20 21:10:25,449 [SRSWTI-IR] INFO: Starting hybrid search pipeline...
2025-02-20 21:10:25,449 [SRSWTI-IR] INFO: Running BM25 scoring...
2025-02-20 21:10:25,519 [SRSWTI-IR] INFO: SRSWTI BM25 scoring completed for 15 documents
2025-02-20 21:10:25,622 [SRSWTI-IR] INFO: SRSWTI hybrid search completed successfully
2025-02-20 21:10:25,622 [SRSWTI-IR] INFO: Starting hybrid search pipeline...
2025-02-20 21:10:25,622 [SRSWTI-IR] INFO: Running BM25 scoring...
2025-02-20 21:10:25,691 [SRSWTI-IR] INFO: SRSWTI BM25 scoring completed for 15 documents
2025-02-20 21:10:25,789 [SRSWTI-IR] INFO: SRSWTI hybrid search completed successfully
2025-02-20 21:10:25,789 [SRSWTI-IR] INFO: Starting hybrid search pipeline...
2025-02-20 21:10:25,789 [SRSWTI-IR] INFO: Running BM25 scoring...
2025-02-20 21:10:25,855 [SRSWTI-IR] INFO: SRSWTI BM25 scoring completed for 15 documents
2025-02-20 21:10:25,955 [SRSWTI-IR] INFO: SRSWTI hybrid search completed successfully
2025-02-20 21:10:25,955 [SRSWTI-IR] INFO: Starting hybrid search pipeline...
2025-02-20 21:10:25,956 [SRSWTI-IR] INFO: Running BM25 scoring...
2025-02-20 21:10:26,021 [SRSWTI-IR] INFO: SRSWTI BM25 scoring completed for 15 documents
2025-02-20 21:10:26,177 [SRSWTI-IR] INFO: SRSWTI hybrid search completed successfully
2025-02-20 21:10:26,177 [SRSWTI-IR] INFO: Starting hybrid search pipeline...
2025-02-20 21:10:26,177 [SRSWTI-IR] INFO: Running BM25 scoring...
2025-02-20 21:10:26,244 [SRSWTI-IR] INFO: SRSWTI BM25 scoring completed for 15 documents
2025-02-20 21:10:26,345 [SRSWTI-IR] INFO: SRSWTI hybrid search completed successfully
2025-02-20 21:10:26,345 [SRSWTI-IR] INFO: Starting hybrid search pipeline...
2025-02-20 21:10:26,345 [SRSWTI-IR] INFO: Running BM25 scoring...
2025-02-20 21:10:26,412 [SRSWTI-IR] INFO: SRSWTI BM25 scoring completed for 15 documents
2025-02-20 21:10:26,510 [SRSWTI-IR] INFO: SRSWTI hybrid search completed successfully
2025-02-20 21:10:26,510 [SRSWTI-IR] INFO: Starting hybrid search pipeline...
2025-02-20 21:10:26,510 [SRSWTI-IR] INFO: Running BM25 scoring...
2025-02-20 21:10:26,577 [SRSWTI-IR] INFO: SRSWTI BM25 scoring completed for 15 documents
2025-02-20 21:10:26,676 [SRSWTI-IR] INFO: SRSWTI hybrid search completed successfully
2025-02-20 21:10:26,676 [SRSWTI-IR] INFO: Starting hybrid search pipeline...
2025-02-20 21:10:26,676 [SRSWTI-IR] INFO: Running BM25 scoring...
2025-02-20 21:10:26,743 [SRSWTI-IR] INFO: SRSWTI BM25 scoring completed for 15 documents
2025-02-20 21:10:26,840 [SRSWTI-IR] INFO: SRSWTI hybrid search completed successfully
2025-02-20 21:10:26,840 [SRSWTI-IR] INFO: Starting hybrid search pipeline...
2025-02-20 21:10:26,841 [SRSWTI-IR] INFO: Running BM25 scoring...
2025-02-20 21:10:26,907 [SRSWTI-IR] INFO: SRSWTI BM25 scoring completed for 15 documents
2025-02-20 21:10:27,006 [SRSWTI-IR] INFO: SRSWTI hybrid search completed successfully
2025-02-20 21:16:31,956 [SRSWTI-IR] INFO: Initializing SRSWTI Search Engine components...
2025-02-20 21:16:31,956 [SRSWTI-IR] INFO: Use pytorch device_name: mps
2025-02-20 21:16:31,956 [SRSWTI-IR] INFO: Load pretrained SentenceTransformer: all-MiniLM-L6-v2
2025-02-20 21:16:32,931 [SRSWTI-IR] INFO: SRSWTI Search Engine initialized successfully
2025-02-20 21:16:32,931 [SRSWTI-IR] INFO: Starting hybrid search pipeline...
2025-02-20 21:16:32,931 [SRSWTI-IR] INFO: Running BM25 scoring...
2025-02-20 21:16:33,012 [SRSWTI-IR] INFO: SRSWTI BM25 scoring completed for 15 documents
2025-02-20 21:16:33,332 [SRSWTI-IR] INFO: SRSWTI hybrid search completed successfully
2025-02-20 21:16:33,332 [SRSWTI-IR] INFO: Starting hybrid search pipeline...
2025-02-20 21:16:33,332 [SRSWTI-IR] INFO: Running BM25 scoring...
2025-02-20 21:16:33,403 [SRSWTI-IR] INFO: SRSWTI BM25 scoring completed for 15 documents
2025-02-20 21:16:33,563 [SRSWTI-IR] INFO: SRSWTI hybrid search completed successfully
2025-02-20 21:16:33,563 [SRSWTI-IR] INFO: Starting hybrid search pipeline...
2025-02-20 21:16:33,563 [SRSWTI-IR] INFO: Running BM25 scoring...
2025-02-20 21:16:33,632 [SRSWTI-IR] INFO: SRSWTI BM25 scoring completed for 15 documents
2025-02-20 21:16:33,733 [SRSWTI-IR] INFO: SRSWTI hybrid search completed successfully
2025-02-20 21:16:33,733 [SRSWTI-IR] INFO: Starting hybrid search pipeline...
2025-02-20 21:16:33,733 [SRSWTI-IR] INFO: Running BM25 scoring...
2025-02-20 21:16:33,803 [SRSWTI-IR] INFO: SRSWTI BM25 scoring completed for 15 documents
2025-02-20 21:16:33,964 [SRSWTI-IR] INFO: SRSWTI hybrid search completed successfully
2025-02-20 21:16:33,964 [SRSWTI-IR] INFO: Starting hybrid search pipeline...
2025-02-20 21:16:33,964 [SRSWTI-IR] INFO: Running BM25 scoring...
2025-02-20 21:16:34,033 [SRSWTI-IR] INFO: SRSWTI BM25 scoring completed for 15 documents
2025-02-20 21:16:34,134 [SRSWTI-IR] INFO: SRSWTI hybrid search completed successfully
2025-02-20 21:16:34,134 [SRSWTI-IR] INFO: Starting hybrid search pipeline...
2025-02-20 21:16:34,134 [SRSWTI-IR] INFO: Running BM25 scoring...
2025-02-20 21:16:34,202 [SRSWTI-IR] INFO: SRSWTI BM25 scoring completed for 15 documents
2025-02-20 21:16:34,361 [SRSWTI-IR] INFO: SRSWTI hybrid search completed successfully
2025-02-20 21:16:34,361 [SRSWTI-IR] INFO: Starting hybrid search pipeline...
2025-02-20 21:16:34,361 [SRSWTI-IR] INFO: Running BM25 scoring...
2025-02-20 21:16:34,429 [SRSWTI-IR] INFO: SRSWTI BM25 scoring completed for 15 documents
2025-02-20 21:16:34,529 [SRSWTI-IR] INFO: SRSWTI hybrid search completed successfully
2025-02-20 21:16:34,530 [SRSWTI-IR] INFO: Starting hybrid search pipeline...
2025-02-20 21:16:34,530 [SRSWTI-IR] INFO: Running BM25 scoring...
2025-02-20 21:16:34,598 [SRSWTI-IR] INFO: SRSWTI BM25 scoring completed for 15 documents
2025-02-20 21:16:34,752 [SRSWTI-IR] INFO: SRSWTI hybrid search completed successfully
2025-02-20 21:16:34,753 [SRSWTI-IR] INFO: Starting hybrid search pipeline...
2025-02-20 21:16:34,753 [SRSWTI-IR] INFO: Running BM25 scoring...
2025-02-20 21:16:34,822 [SRSWTI-IR] INFO: SRSWTI BM25 scoring completed for 15 documents
2025-02-20 21:16:34,922 [SRSWTI-IR] INFO: SRSWTI hybrid search completed successfully
2025-02-20 21:16:34,922 [SRSWTI-IR] INFO: Starting hybrid search pipeline...
2025-02-20 21:16:34,922 [SRSWTI-IR] INFO: Running BM25 scoring...
2025-02-20 21:16:34,992 [SRSWTI-IR] INFO: SRSWTI BM25 scoring completed for 15 documents
2025-02-20 21:16:35,094 [SRSWTI-IR] INFO: SRSWTI hybrid search completed successfully
2025-02-20 21:17:47,906 [SRSWTI-IR] INFO: Initializing SRSWTI Search Engine components...
2025-02-20 21:17:47,907 [SRSWTI-IR] INFO: Use pytorch device_name: mps
2025-02-20 21:17:47,907 [SRSWTI-IR] INFO: Load pretrained SentenceTransformer: all-MiniLM-L6-v2
2025-02-20 21:17:49,085 [SRSWTI-IR] INFO: SRSWTI Search Engine initialized successfully
2025-02-20 21:17:49,085 [SRSWTI-IR] INFO: Starting hybrid search pipeline...
2025-02-20 21:17:49,085 [SRSWTI-IR] INFO: Running BM25 scoring...
2025-02-20 21:17:49,162 [SRSWTI-IR] INFO: SRSWTI BM25 scoring completed for 15 documents
2025-02-20 21:17:49,468 [SRSWTI-IR] INFO: SRSWTI hybrid search completed successfully
2025-02-20 21:17:49,468 [SRSWTI-IR] INFO: Starting hybrid search pipeline...
2025-02-20 21:17:49,468 [SRSWTI-IR] INFO: Running BM25 scoring...
2025-02-20 21:17:49,535 [SRSWTI-IR] INFO: SRSWTI BM25 scoring completed for 15 documents
2025-02-20 21:17:49,691 [SRSWTI-IR] INFO: SRSWTI hybrid search completed successfully
2025-02-20 21:17:49,691 [SRSWTI-IR] INFO: Starting hybrid search pipeline...
2025-02-20 21:17:49,691 [SRSWTI-IR] INFO: Running BM25 scoring...
2025-02-20 21:17:49,758 [SRSWTI-IR] INFO: SRSWTI BM25 scoring completed for 15 documents
2025-02-20 21:17:49,854 [SRSWTI-IR] INFO: SRSWTI hybrid search completed successfully
2025-02-20 21:17:49,854 [SRSWTI-IR] INFO: Starting hybrid search pipeline...
2025-02-20 21:17:49,854 [SRSWTI-IR] INFO: Running BM25 scoring...
2025-02-20 21:17:49,921 [SRSWTI-IR] INFO: SRSWTI BM25 scoring completed for 15 documents
2025-02-20 21:17:50,075 [SRSWTI-IR] INFO: SRSWTI hybrid search completed successfully
2025-02-20 21:17:50,075 [SRSWTI-IR] INFO: Starting hybrid search pipeline...
2025-02-20 21:17:50,075 [SRSWTI-IR] INFO: Running BM25 scoring...
2025-02-20 21:17:50,145 [SRSWTI-IR] INFO: SRSWTI BM25 scoring completed for 15 documents
2025-02-20 21:17:50,243 [SRSWTI-IR] INFO: SRSWTI hybrid search completed successfully
2025-02-20 21:17:50,243 [SRSWTI-IR] INFO: Starting hybrid search pipeline...
2025-02-20 21:17:50,243 [SRSWTI-IR] INFO: Running BM25 scoring...
2025-02-20 21:17:50,310 [SRSWTI-IR] INFO: SRSWTI BM25 scoring completed for 15 documents
2025-02-20 21:17:50,465 [SRSWTI-IR] INFO: SRSWTI hybrid search completed successfully
2025-02-20 21:17:50,465 [SRSWTI-IR] INFO: Starting hybrid search pipeline...
2025-02-20 21:17:50,465 [SRSWTI-IR] INFO: Running BM25 scoring...
2025-02-20 21:17:50,532 [SRSWTI-IR] INFO: SRSWTI BM25 scoring completed for 15 documents
2025-02-20 21:17:50,632 [SRSWTI-IR] INFO: SRSWTI hybrid search completed successfully
2025-02-20 21:17:50,632 [SRSWTI-IR] INFO: Starting hybrid search pipeline...
2025-02-20 21:17:50,632 [SRSWTI-IR] INFO: Running BM25 scoring...
2025-02-20 21:17:50,699 [SRSWTI-IR] INFO: SRSWTI BM25 scoring completed for 15 documents
2025-02-20 21:17:50,858 [SRSWTI-IR] INFO: SRSWTI hybrid search completed successfully
2025-02-20 21:17:50,858 [SRSWTI-IR] INFO: Starting hybrid search pipeline...
2025-02-20 21:17:50,858 [SRSWTI-IR] INFO: Running BM25 scoring...
2025-02-20 21:17:50,924 [SRSWTI-IR] INFO: SRSWTI BM25 scoring completed for 15 documents
2025-02-20 21:17:51,023 [SRSWTI-IR] INFO: SRSWTI hybrid search completed successfully
2025-02-20 21:17:51,023 [SRSWTI-IR] INFO: Starting hybrid search pipeline...
2025-02-20 21:17:51,023 [SRSWTI-IR] INFO: Running BM25 scoring...
2025-02-20 21:17:51,090 [SRSWTI-IR] INFO: SRSWTI BM25 scoring completed for 15 documents
2025-02-20 21:17:51,190 [SRSWTI-IR] INFO: SRSWTI hybrid search completed successfully
2025-02-20 21:18:18,334 [SRSWTI-IR] INFO: Initializing SRSWTI Search Engine components...
2025-02-20 21:18:18,335 [SRSWTI-IR] INFO: Use pytorch device_name: mps
2025-02-20 21:18:18,335 [SRSWTI-IR] INFO: Load pretrained SentenceTransformer: all-MiniLM-L6-v2
2025-02-20 21:18:19,183 [SRSWTI-IR] INFO: SRSWTI Search Engine initialized successfully
2025-02-20 21:18:19,183 [SRSWTI-IR] INFO: Starting hybrid search pipeline...
2025-02-20 21:18:19,183 [SRSWTI-IR] INFO: Running BM25 scoring...
2025-02-20 21:18:19,260 [SRSWTI-IR] INFO: SRSWTI BM25 scoring completed for 15 documents
2025-02-20 21:18:19,568 [SRSWTI-IR] INFO: SRSWTI hybrid search completed successfully
2025-02-20 21:18:19,568 [SRSWTI-IR] INFO: Starting hybrid search pipeline...
2025-02-20 21:18:19,568 [SRSWTI-IR] INFO: Running BM25 scoring...
2025-02-20 21:18:19,637 [SRSWTI-IR] INFO: SRSWTI BM25 scoring completed for 15 documents
2025-02-20 21:18:19,794 [SRSWTI-IR] INFO: SRSWTI hybrid search completed successfully
2025-02-20 21:18:19,795 [SRSWTI-IR] INFO: Starting hybrid search pipeline...
2025-02-20 21:18:19,795 [SRSWTI-IR] INFO: Running BM25 scoring...
2025-02-20 21:18:19,861 [SRSWTI-IR] INFO: SRSWTI BM25 scoring completed for 15 documents
2025-02-20 21:18:19,962 [SRSWTI-IR] INFO: SRSWTI hybrid search completed successfully
2025-02-20 21:18:19,962 [SRSWTI-IR] INFO: Starting hybrid search pipeline...
2025-02-20 21:18:19,963 [SRSWTI-IR] INFO: Running BM25 scoring...
2025-02-20 21:18:20,030 [SRSWTI-IR] INFO: SRSWTI BM25 scoring completed for 15 documents
2025-02-20 21:18:20,184 [SRSWTI-IR] INFO: SRSWTI hybrid search completed successfully
2025-02-20 21:18:20,185 [SRSWTI-IR] INFO: Starting hybrid search pipeline...
2025-02-20 21:18:20,185 [SRSWTI-IR] INFO: Running BM25 scoring...
2025-02-20 21:18:20,251 [SRSWTI-IR] INFO: SRSWTI BM25 scoring completed for 15 documents
2025-02-20 21:18:20,350 [SRSWTI-IR] INFO: SRSWTI hybrid search completed successfully
2025-02-20 21:18:20,350 [SRSWTI-IR] INFO: Starting hybrid search pipeline...
2025-02-20 21:18:20,350 [SRSWTI-IR] INFO: Running BM25 scoring...
2025-02-20 21:18:20,416 [SRSWTI-IR] INFO: SRSWTI BM25 scoring completed for 15 documents
2025-02-20 21:18:20,572 [SRSWTI-IR] INFO: SRSWTI hybrid search completed successfully
2025-02-20 21:18:20,572 [SRSWTI-IR] INFO: Starting hybrid search pipeline...
2025-02-20 21:18:20,573 [SRSWTI-IR] INFO: Running BM25 scoring...
2025-02-20 21:18:20,640 [SRSWTI-IR] INFO: SRSWTI BM25 scoring completed for 15 documents
2025-02-20 21:18:20,740 [SRSWTI-IR] INFO: SRSWTI hybrid search completed successfully
2025-02-20 21:18:20,741 [SRSWTI-IR] INFO: Starting hybrid search pipeline...
2025-02-20 21:18:20,741 [SRSWTI-IR] INFO: Running BM25 scoring...
2025-02-20 21:18:20,807 [SRSWTI-IR] INFO: SRSWTI BM25 scoring completed for 15 documents
2025-02-20 21:18:20,963 [SRSWTI-IR] INFO: SRSWTI hybrid search completed successfully
2025-02-20 21:18:20,963 [SRSWTI-IR] INFO: Starting hybrid search pipeline...
2025-02-20 21:18:20,963 [SRSWTI-IR] INFO: Running BM25 scoring...
2025-02-20 21:18:21,030 [SRSWTI-IR] INFO: SRSWTI BM25 scoring completed for 15 documents
2025-02-20 21:18:21,130 [SRSWTI-IR] INFO: SRSWTI hybrid search completed successfully
2025-02-20 21:18:21,130 [SRSWTI-IR] INFO: Starting hybrid search pipeline...
2025-02-20 21:18:21,130 [SRSWTI-IR] INFO: Running BM25 scoring...
2025-02-20 21:18:21,196 [SRSWTI-IR] INFO: SRSWTI BM25 scoring completed for 15 documents
2025-02-20 21:18:21,294 [SRSWTI-IR] INFO: SRSWTI hybrid search completed successfully
2025-02-20 21:19:28,487 [SRSWTI-IR] INFO: Initializing SRSWTI Search Engine components...
2025-02-20 21:19:28,488 [SRSWTI-IR] INFO: Use pytorch device_name: mps
2025-02-20 21:19:28,488 [SRSWTI-IR] INFO: Load pretrained SentenceTransformer: all-MiniLM-L6-v2
2025-02-20 21:19:29,557 [SRSWTI-IR] INFO: SRSWTI Search Engine initialized successfully
2025-02-20 21:19:29,557 [SRSWTI-IR] INFO: Starting hybrid search pipeline...
2025-02-20 21:19:29,557 [SRSWTI-IR] INFO: Running BM25 scoring...
2025-02-20 21:19:29,637 [SRSWTI-IR] INFO: SRSWTI BM25 scoring completed for 15 documents
2025-02-20 21:19:29,954 [SRSWTI-IR] INFO: SRSWTI hybrid search completed successfully
2025-02-20 21:19:29,955 [SRSWTI-IR] INFO: Starting hybrid search pipeline...
2025-02-20 21:19:29,955 [SRSWTI-IR] INFO: Running BM25 scoring...
2025-02-20 21:19:30,024 [SRSWTI-IR] INFO: SRSWTI BM25 scoring completed for 15 documents
2025-02-20 21:19:30,185 [SRSWTI-IR] INFO: SRSWTI hybrid search completed successfully
2025-02-20 21:19:30,186 [SRSWTI-IR] INFO: Starting hybrid search pipeline...
2025-02-20 21:19:30,186 [SRSWTI-IR] INFO: Running BM25 scoring...
2025-02-20 21:19:30,254 [SRSWTI-IR] INFO: SRSWTI BM25 scoring completed for 15 documents
2025-02-20 21:19:30,356 [SRSWTI-IR] INFO: SRSWTI hybrid search completed successfully
2025-02-20 21:19:30,356 [SRSWTI-IR] INFO: Starting hybrid search pipeline...
2025-02-20 21:19:30,356 [SRSWTI-IR] INFO: Running BM25 scoring...
2025-02-20 21:19:30,425 [SRSWTI-IR] INFO: SRSWTI BM25 scoring completed for 15 documents
2025-02-20 21:19:30,586 [SRSWTI-IR] INFO: SRSWTI hybrid search completed successfully
2025-02-20 21:19:30,586 [SRSWTI-IR] INFO: Starting hybrid search pipeline...
2025-02-20 21:19:30,586 [SRSWTI-IR] INFO: Running BM25 scoring...
2025-02-20 21:19:30,656 [SRSWTI-IR] INFO: SRSWTI BM25 scoring completed for 15 documents
2025-02-20 21:19:30,756 [SRSWTI-IR] INFO: SRSWTI hybrid search completed successfully
2025-02-20 21:19:30,757 [SRSWTI-IR] INFO: Starting hybrid search pipeline...
2025-02-20 21:19:30,757 [SRSWTI-IR] INFO: Running BM25 scoring...
2025-02-20 21:19:30,825 [SRSWTI-IR] INFO: SRSWTI BM25 scoring completed for 15 documents
2025-02-20 21:19:30,986 [SRSWTI-IR] INFO: SRSWTI hybrid search completed successfully
2025-02-20 21:19:30,987 [SRSWTI-IR] INFO: Starting hybrid search pipeline...
2025-02-20 21:19:30,987 [SRSWTI-IR] INFO: Running BM25 scoring...
2025-02-20 21:19:31,054 [SRSWTI-IR] INFO: SRSWTI BM25 scoring completed for 15 documents
2025-02-20 21:19:31,154 [SRSWTI-IR] INFO: SRSWTI hybrid search completed successfully
2025-02-20 21:19:31,154 [SRSWTI-IR] INFO: Starting hybrid search pipeline...
2025-02-20 21:19:31,154 [SRSWTI-IR] INFO: Running BM25 scoring...
2025-02-20 21:19:31,223 [SRSWTI-IR] INFO: SRSWTI BM25 scoring completed for 15 documents
2025-02-20 21:19:31,385 [SRSWTI-IR] INFO: SRSWTI hybrid search completed successfully
2025-02-20 21:19:31,386 [SRSWTI-IR] INFO: Starting hybrid search pipeline...
2025-02-20 21:19:31,386 [SRSWTI-IR] INFO: Running BM25 scoring...
2025-02-20 21:19:31,454 [SRSWTI-IR] INFO: SRSWTI BM25 scoring completed for 15 documents
2025-02-20 21:19:31,554 [SRSWTI-IR] INFO: SRSWTI hybrid search completed successfully
2025-02-20 21:19:31,555 [SRSWTI-IR] INFO: Starting hybrid search pipeline...
2025-02-20 21:19:31,555 [SRSWTI-IR] INFO: Running BM25 scoring...
2025-02-20 21:19:31,623 [SRSWTI-IR] INFO: SRSWTI BM25 scoring completed for 15 documents
2025-02-20 21:19:31,724 [SRSWTI-IR] INFO: SRSWTI hybrid search completed successfully
2025-02-20 21:21:30,868 [SRSWTI-IR] INFO: Initializing SRSWTI Search Engine components...
2025-02-20 21:21:30,869 [SRSWTI-IR] INFO: Use pytorch device_name: mps
2025-02-20 21:21:30,869 [SRSWTI-IR] INFO: Load pretrained SentenceTransformer: all-MiniLM-L6-v2
2025-02-20 21:21:31,798 [SRSWTI-IR] INFO: SRSWTI Search Engine initialized successfully
2025-02-20 21:21:31,798 [SRSWTI-IR] INFO: Starting hybrid search pipeline...
2025-02-20 21:21:31,798 [SRSWTI-IR] INFO: Running BM25 scoring...
2025-02-20 21:21:31,875 [SRSWTI-IR] INFO: SRSWTI BM25 scoring completed for 15 documents
2025-02-20 21:21:32,178 [SRSWTI-IR] INFO: SRSWTI hybrid search completed successfully
2025-02-20 21:21:32,178 [SRSWTI-IR] INFO: Starting hybrid search pipeline...
2025-02-20 21:21:32,178 [SRSWTI-IR] INFO: Running BM25 scoring...
2025-02-20 21:21:32,245 [SRSWTI-IR] INFO: SRSWTI BM25 scoring completed for 15 documents
2025-02-20 21:21:32,395 [SRSWTI-IR] INFO: SRSWTI hybrid search completed successfully
2025-02-20 21:21:32,395 [SRSWTI-IR] INFO: Starting hybrid search pipeline...
2025-02-20 21:21:32,395 [SRSWTI-IR] INFO: Running BM25 scoring...
2025-02-20 21:21:32,462 [SRSWTI-IR] INFO: SRSWTI BM25 scoring completed for 15 documents
2025-02-20 21:21:32,561 [SRSWTI-IR] INFO: SRSWTI hybrid search completed successfully
2025-02-20 21:21:32,561 [SRSWTI-IR] INFO: Starting hybrid search pipeline...
2025-02-20 21:21:32,561 [SRSWTI-IR] INFO: Running BM25 scoring...
2025-02-20 21:21:32,629 [SRSWTI-IR] INFO: SRSWTI BM25 scoring completed for 15 documents
2025-02-20 21:21:32,801 [SRSWTI-IR] INFO: SRSWTI hybrid search completed successfully
2025-02-20 21:21:32,802 [SRSWTI-IR] INFO: Starting hybrid search pipeline...
2025-02-20 21:21:32,802 [SRSWTI-IR] INFO: Running BM25 scoring...
2025-02-20 21:21:32,868 [SRSWTI-IR] INFO: SRSWTI BM25 scoring completed for 15 documents
2025-02-20 21:21:32,965 [SRSWTI-IR] INFO: SRSWTI hybrid search completed successfully
2025-02-20 21:21:32,966 [SRSWTI-IR] INFO: Starting hybrid search pipeline...
2025-02-20 21:21:32,966 [SRSWTI-IR] INFO: Running BM25 scoring...
2025-02-20 21:21:33,032 [SRSWTI-IR] INFO: SRSWTI BM25 scoring completed for 15 documents
2025-02-20 21:21:33,185 [SRSWTI-IR] INFO: SRSWTI hybrid search completed successfully
2025-02-20 21:21:33,186 [SRSWTI-IR] INFO: Starting hybrid search pipeline...
2025-02-20 21:21:33,186 [SRSWTI-IR] INFO: Running BM25 scoring...
2025-02-20 21:21:33,252 [SRSWTI-IR] INFO: SRSWTI BM25 scoring completed for 15 documents
2025-02-20 21:21:33,351 [SRSWTI-IR] INFO: SRSWTI hybrid search completed successfully
2025-02-20 21:21:33,352 [SRSWTI-IR] INFO: Starting hybrid search pipeline...
2025-02-20 21:21:33,352 [SRSWTI-IR] INFO: Running BM25 scoring...
2025-02-20 21:21:33,418 [SRSWTI-IR] INFO: SRSWTI BM25 scoring completed for 15 documents
2025-02-20 21:21:33,574 [SRSWTI-IR] INFO: SRSWTI hybrid search completed successfully
2025-02-20 21:21:33,574 [SRSWTI-IR] INFO: Starting hybrid search pipeline...
2025-02-20 21:21:33,574 [SRSWTI-IR] INFO: Running BM25 scoring...
2025-02-20 21:21:33,643 [SRSWTI-IR] INFO: SRSWTI BM25 scoring completed for 15 documents
2025-02-20 21:21:33,733 [SRSWTI-IR] INFO: SRSWTI hybrid search completed successfully
2025-02-20 21:21:33,733 [SRSWTI-IR] INFO: Starting hybrid search pipeline...
2025-02-20 21:21:33,733 [SRSWTI-IR] INFO: Running BM25 scoring...
2025-02-20 21:21:33,800 [SRSWTI-IR] INFO: SRSWTI BM25 scoring completed for 15 documents
2025-02-20 21:21:33,896 [SRSWTI-IR] INFO: SRSWTI hybrid search completed successfully
2025-02-20 21:24:10,746 [SRSWTI-IR] INFO: Initializing SRSWTI Search Engine components...
2025-02-20 21:24:10,747 [SRSWTI-IR] INFO: Use pytorch device_name: mps
2025-02-20 21:24:10,747 [SRSWTI-IR] INFO: Load pretrained SentenceTransformer: Snowflake/snowflake-arctic-embed-m-v2.0
2025-02-20 21:24:58,417 [SRSWTI-IR] INFO: Initializing SRSWTI Search Engine components...
2025-02-20 21:24:58,418 [SRSWTI-IR] INFO: Use pytorch device_name: mps
2025-02-20 21:24:58,418 [SRSWTI-IR] INFO: Load pretrained SentenceTransformer: Snowflake/snowflake-arctic-embed-l-v2.0
2025-02-20 21:25:01,470 [SRSWTI-IR] INFO: 1 prompts are loaded, with the keys: ['query']
2025-02-20 21:25:01,690 [SRSWTI-IR] INFO: SRSWTI Search Engine initialized successfully
2025-02-20 21:25:01,690 [SRSWTI-IR] INFO: Starting hybrid search pipeline...
2025-02-20 21:25:01,690 [SRSWTI-IR] INFO: Running BM25 scoring...
2025-02-20 21:25:01,822 [SRSWTI-IR] INFO: SRSWTI BM25 scoring completed for 15 documents
2025-02-20 21:25:03,662 [SRSWTI-IR] INFO: SRSWTI hybrid search completed successfully
2025-02-20 21:25:03,662 [SRSWTI-IR] INFO: Starting hybrid search pipeline...
2025-02-20 21:25:03,662 [SRSWTI-IR] INFO: Running BM25 scoring...
2025-02-20 21:25:03,729 [SRSWTI-IR] INFO: SRSWTI BM25 scoring completed for 15 documents
2025-02-20 21:25:03,987 [SRSWTI-IR] INFO: SRSWTI hybrid search completed successfully
2025-02-20 21:25:03,988 [SRSWTI-IR] INFO: Starting hybrid search pipeline...
2025-02-20 21:25:03,988 [SRSWTI-IR] INFO: Running BM25 scoring...
2025-02-20 21:25:04,054 [SRSWTI-IR] INFO: SRSWTI BM25 scoring completed for 15 documents
2025-02-20 21:25:04,301 [SRSWTI-IR] INFO: SRSWTI hybrid search completed successfully
2025-02-20 21:25:04,302 [SRSWTI-IR] INFO: Starting hybrid search pipeline...
2025-02-20 21:25:04,302 [SRSWTI-IR] INFO: Running BM25 scoring...
2025-02-20 21:25:04,368 [SRSWTI-IR] INFO: SRSWTI BM25 scoring completed for 15 documents
2025-02-20 21:25:04,550 [SRSWTI-IR] INFO: SRSWTI hybrid search completed successfully
2025-02-20 21:25:04,550 [SRSWTI-IR] INFO: Starting hybrid search pipeline...
2025-02-20 21:25:04,550 [SRSWTI-IR] INFO: Running BM25 scoring...
2025-02-20 21:25:04,618 [SRSWTI-IR] INFO: SRSWTI BM25 scoring completed for 15 documents
2025-02-20 21:25:04,801 [SRSWTI-IR] INFO: SRSWTI hybrid search completed successfully
2025-02-20 21:25:04,801 [SRSWTI-IR] INFO: Starting hybrid search pipeline...
2025-02-20 21:25:04,801 [SRSWTI-IR] INFO: Running BM25 scoring...
2025-02-20 21:25:04,868 [SRSWTI-IR] INFO: SRSWTI BM25 scoring completed for 15 documents
2025-02-20 21:25:05,050 [SRSWTI-IR] INFO: SRSWTI hybrid search completed successfully
2025-02-20 21:25:05,050 [SRSWTI-IR] INFO: Starting hybrid search pipeline...
2025-02-20 21:25:05,050 [SRSWTI-IR] INFO: Running BM25 scoring...
2025-02-20 21:25:05,116 [SRSWTI-IR] INFO: SRSWTI BM25 scoring completed for 15 documents
2025-02-20 21:25:05,299 [SRSWTI-IR] INFO: SRSWTI hybrid search completed successfully
2025-02-20 21:25:05,299 [SRSWTI-IR] INFO: Starting hybrid search pipeline...
2025-02-20 21:25:05,299 [SRSWTI-IR] INFO: Running BM25 scoring...
2025-02-20 21:25:05,366 [SRSWTI-IR] INFO: SRSWTI BM25 scoring completed for 15 documents
2025-02-20 21:25:05,615 [SRSWTI-IR] INFO: SRSWTI hybrid search completed successfully
2025-02-20 21:25:05,615 [SRSWTI-IR] INFO: Starting hybrid search pipeline...
2025-02-20 21:25:05,615 [SRSWTI-IR] INFO: Running BM25 scoring...
2025-02-20 21:25:05,680 [SRSWTI-IR] INFO: SRSWTI BM25 scoring completed for 15 documents
2025-02-20 21:25:05,860 [SRSWTI-IR] INFO: SRSWTI hybrid search completed successfully
2025-02-20 21:25:05,860 [SRSWTI-IR] INFO: Starting hybrid search pipeline...
2025-02-20 21:25:05,860 [SRSWTI-IR] INFO: Running BM25 scoring...
2025-02-20 21:25:05,927 [SRSWTI-IR] INFO: SRSWTI BM25 scoring completed for 15 documents
2025-02-20 21:25:06,109 [SRSWTI-IR] INFO: SRSWTI hybrid search completed successfully
