2025-02-13 20:35:56,629 [SRSWTI-IR] INFO: Initializing SRSWTI Search Engine components...
2025-02-13 20:35:56,629 [SRSWTI-IR] INFO: Use pytorch device_name: mps
2025-02-13 20:35:56,629 [SRSWTI-IR] INFO: Load pretrained SentenceTransformer: all-mpnet-base-v2
2025-02-13 20:35:58,574 [SRSWTI-IR] INFO: SRSWTI Search Engine initialized successfully
2025-02-13 20:36:59,765 [SRSWTI-IR] INFO: Initializing SRSWTI Search Engine components...
2025-02-13 20:36:59,766 [SRSWTI-IR] INFO: Use pytorch device_name: mps
2025-02-13 20:36:59,766 [SRSWTI-IR] INFO: Load pretrained SentenceTransformer: all-mpnet-base-v2
2025-02-13 20:37:00,923 [SRSWTI-IR] INFO: SRSWTI Search Engine initialized successfully
2025-02-13 20:37:00,923 [SRSWTI-IR] INFO: Starting hybrid search pipeline...
2025-02-13 20:37:00,923 [SRSWTI-IR] INFO: Running BM25 scoring...
2025-02-13 20:37:00,963 [SRSWTI-IR] INFO: SRSWTI BM25 scoring completed for 6 documents
2025-02-13 20:37:01,315 [SRSWTI-IR] INFO: SRSWTI hybrid search completed successfully
2025-02-13 20:37:01,315 [SRSWTI-IR] INFO: Starting hybrid search pipeline...
2025-02-13 20:37:01,315 [SRSWTI-IR] INFO: Running BM25 scoring...
2025-02-13 20:37:01,338 [SRSWTI-IR] INFO: SRSWTI BM25 scoring completed for 6 documents
2025-02-13 20:37:01,398 [SRSWTI-IR] INFO: SRSWTI hybrid search completed successfully
2025-02-13 20:37:01,398 [SRSWTI-IR] INFO: Starting hybrid search pipeline...
2025-02-13 20:37:01,398 [SRSWTI-IR] INFO: Running BM25 scoring...
2025-02-13 20:37:01,421 [SRSWTI-IR] INFO: SRSWTI BM25 scoring completed for 6 documents
2025-02-13 20:37:01,482 [SRSWTI-IR] INFO: SRSWTI hybrid search completed successfully
2025-02-13 20:37:01,482 [SRSWTI-IR] INFO: Starting hybrid search pipeline...
2025-02-13 20:37:01,482 [SRSWTI-IR] INFO: Running BM25 scoring...
2025-02-13 20:37:01,505 [SRSWTI-IR] INFO: SRSWTI BM25 scoring completed for 6 documents
2025-02-13 20:37:01,566 [SRSWTI-IR] INFO: SRSWTI hybrid search completed successfully
2025-02-13 20:37:01,566 [SRSWTI-IR] INFO: Starting hybrid search pipeline...
2025-02-13 20:37:01,566 [SRSWTI-IR] INFO: Running BM25 scoring...
2025-02-13 20:37:01,588 [SRSWTI-IR] INFO: SRSWTI BM25 scoring completed for 6 documents
2025-02-13 20:37:01,649 [SRSWTI-IR] INFO: SRSWTI hybrid search completed successfully
2025-02-13 20:37:01,649 [SRSWTI-IR] INFO: Starting hybrid search pipeline...
2025-02-13 20:37:01,649 [SRSWTI-IR] INFO: Running BM25 scoring...
2025-02-13 20:37:01,672 [SRSWTI-IR] INFO: SRSWTI BM25 scoring completed for 6 documents
2025-02-13 20:37:01,733 [SRSWTI-IR] INFO: SRSWTI hybrid search completed successfully
