Compiler type: unix
--noopenmp: 0
--forceopenmp: 0
--noxpreprocessor: 0
--forcellvm: 0
--forcegnugcc: 0
--forcestatic: 0
Cython found (during compilation)
- Version: 3.0.12
- Locations: <module 'Cython' from '/private/var/folders/r4/ph658m2d3vs0vj00g75q0zyr0000gn/T/build-env-w01f1y67/lib/python3.11/site-packages/Cython/__init__.py'>
Numpy found (during compilation):
- Version: 2.2.3
- Location: <module 'numpy' from '/private/var/folders/r4/ph658m2d3vs0vj00g75q0zyr0000gn/T/build-env-w01f1y67/lib/python3.11/site-packages/numpy/__init__.py'>
Using LLVM settings (clang)
Checking for OpenMP availability for clang
clang -dM -E -Xpreprocessor -fopenmp - # with stdout=-1, stderr=-1, input=, encoding=ascii

#define _OPENMP 202011
... found OpenMP
All extensions:
[<setuptools.extension.Extension('dtaidistance.dtw_cc') at 0x1039a9a50>, <setuptools.extension.Extension('dtaidistance.ed_cc') at 0x103922090>, <setuptools.extension.Extension('dtaidistance.dtw_cc_omp') at 0x103993b10>, <setuptools.extension.Extension('dtaidistance.dtw_cc_numpy') at 0x103995550>]
